<?xml version="1.0" encoding="UTF-8"?>
<testng-results skipped="0" failed="0" ignored="0" total="1" passed="1">
  <reporter-output>
  </reporter-output>
  <suite name="com.xero.automation.DriverScriptsTest" duration-ms="230627" started-at="2018-10-21T05:25:25Z" finished-at="2018-10-21T05:29:16Z">
    <groups>
    </groups>
    <test name="Command line test" duration-ms="230627" started-at="2018-10-21T05:25:25Z" finished-at="2018-10-21T05:29:16Z">
      <class name="com.xero.automation.DriverScriptsTest">
        <test-method status="PASS" signature="mainMethod()[pri:0, instance:com.xero.automation.DriverScriptsTest@6fb554cc]" name="mainMethod" duration-ms="230581" started-at="2018-10-21T05:25:25Z" finished-at="2018-10-21T05:29:16Z">
          <reporter-output>
          </reporter-output>
        </test-method> <!-- mainMethod -->
      </class> <!-- com.xero.automation.DriverScriptsTest -->
    </test> <!-- Command line test -->
  </suite> <!-- com.xero.automation.DriverScriptsTest -->
</testng-results>
