<?xml version="1.0" encoding="UTF-8"?>
<testng-results skipped="0" failed="0" ignored="0" total="1" passed="1">
  <reporter-output>
  </reporter-output>
  <suite name="Default suite" duration-ms="33108" started-at="2018-10-21T05:21:48Z" finished-at="2018-10-21T05:22:21Z">
    <groups>
    </groups>
    <test name="Default test" duration-ms="33108" started-at="2018-10-21T05:21:48Z" finished-at="2018-10-21T05:22:21Z">
      <class name="com.xero.automation.DriverScriptsTest">
        <test-method status="PASS" signature="mainMethod()[pri:0, instance:com.xero.automation.DriverScriptsTest@42e26948]" name="mainMethod" duration-ms="33045" started-at="2018-10-21T05:21:48Z" finished-at="2018-10-21T05:22:21Z">
          <reporter-output>
          </reporter-output>
        </test-method> <!-- mainMethod -->
      </class> <!-- com.xero.automation.DriverScriptsTest -->
    </test> <!-- Default test -->
  </suite> <!-- Default suite -->
</testng-results>
